PoC:        air  (BNK 2.3.0)

[1/6] Container-runtime preflight ...
      using docker
      backend k3s
[2/6] Rendering k3s.yaml + ensuring cluster exists ...
      rendered → /Users/mwiget/git/ocibnkctl/labs/air/artifacts/k3s.yaml
      | 4b6ccbf1a50e2ad2936d4d2ae5e0faec7bdb48edd159ed1a1b484cab3c0a5958
      | 723d8eddc67ac95e97ce9c4a7b67d22520ddb04961e6b2f06132337c99a93726
      | b6241cbfc47a136096abd39dc5a874d97262b225621452e4682fb7ba0173ad32
[3/6] Fetching kubeconfig ...
      /Users/mwiget/git/ocibnkctl/labs/air/artifacts/kubeconfig
[4/6] Applying Calico CNI + NetworkAttachmentDefinition CRD ...
      | poddisruptionbudget.policy/calico-kube-controllers created
      | serviceaccount/calico-kube-controllers created
      | serviceaccount/calico-node created
      | serviceaccount/calico-cni-plugin created
      | configmap/calico-config created
      | customresourcedefinition.apiextensions.k8s.io/bgpconfigurations.crd.projectcalico.org created
      | customresourcedefinition.apiextensions.k8s.io/bgpfilters.crd.projectcalico.org created
      | customresourcedefinition.apiextensions.k8s.io/bgppeers.crd.projectcalico.org created
      | customresourcedefinition.apiextensions.k8s.io/blockaffinities.crd.projectcalico.org created
      | customresourcedefinition.apiextensions.k8s.io/caliconodestatuses.crd.projectcalico.org created
      | customresourcedefinition.apiextensions.k8s.io/clusterinformations.crd.projectcalico.org created
      | customresourcedefinition.apiextensions.k8s.io/felixconfigurations.crd.projectcalico.org created
      | customresourcedefinition.apiextensions.k8s.io/globalnetworkpolicies.crd.projectcalico.org created
      | customresourcedefinition.apiextensions.k8s.io/globalnetworksets.crd.projectcalico.org created
      | customresourcedefinition.apiextensions.k8s.io/hostendpoints.crd.projectcalico.org created
      | customresourcedefinition.apiextensions.k8s.io/ipamblocks.crd.projectcalico.org created
      | customresourcedefinition.apiextensions.k8s.io/ipamconfigs.crd.projectcalico.org created
      | customresourcedefinition.apiextensions.k8s.io/ipamhandles.crd.projectcalico.org created
      | customresourcedefinition.apiextensions.k8s.io/ippools.crd.projectcalico.org created
      | customresourcedefinition.apiextensions.k8s.io/ipreservations.crd.projectcalico.org created
      | customresourcedefinition.apiextensions.k8s.io/kubecontrollersconfigurations.crd.projectcalico.org created
      | customresourcedefinition.apiextensions.k8s.io/networkpolicies.crd.projectcalico.org created
      | customresourcedefinition.apiextensions.k8s.io/networksets.crd.projectcalico.org created
      | clusterrole.rbac.authorization.k8s.io/calico-kube-controllers created
      | clusterrole.rbac.authorization.k8s.io/calico-node created
      | clusterrole.rbac.authorization.k8s.io/calico-cni-plugin created
      | clusterrolebinding.rbac.authorization.k8s.io/calico-kube-controllers created
      | clusterrolebinding.rbac.authorization.k8s.io/calico-node created
      | clusterrolebinding.rbac.authorization.k8s.io/calico-cni-plugin created
      | daemonset.apps/calico-node created
      | deployment.apps/calico-kube-controllers created
      | customresourcedefinition.apiextensions.k8s.io/network-attachment-definitions.k8s.cni.cncf.io created
      | storageclass.storage.k8s.io/standard created
      | deployment.apps/calico-kube-controllers condition met
[5/6] Labelling worker node for TMM ...
      | node/k3s-air-agent-0 labeled
[6/6] bnk-forge registration ...
  bnk-forge is up at https://localhost.
      created bnk-forge project "air" (id=2)
      rewrote apiserver to https://172.20.0.2:6443 (reachable from bnk-forge containers on darwin)
      registered cluster "air" (id=3). open https://localhost
      poc.yaml updated
Installing ~/.kube/config ...
      backed up existing config → /Users/mwiget/.kube/config.ocibnkctl-bak
      wrote /Users/mwiget/.kube/config — kubectl / k9s now talk to this cluster directly

DONE.  Next: `ocibnkctl deploy prereqs && deploy flo && deploy cne` (or run e2e).
