PoC:      demo
Cluster:  /home/mwiget/git/ocibnkctl/demo/artifacts/kubeconfig
JWT:      /home/mwiget/git/ocibnkctl/demo/keys/.jwt
Manifest: 2.3.0-3.2598.3-0.0.170

[1/6] Pulling release-manifest from repo.f5.com ...
      FLO chart    v2.21.13-0.0.28
      f5-cert-gen  0.9.3
      poc.yaml updated
[2/6] Inspecting JWT (diagnostic) ...
      type=tst  jku=https://product-tst.apis.f5networks.net/ee/v1/keys/jwks  sub=TST-EE4C…
[3/6] Applying bnk-ca cert-issuer chain ...
      | clusterissuer.cert-manager.io/selfsigned-bnk created
      | certificate.cert-manager.io/bnk-ca created
      | clusterissuer.cert-manager.io/bnk-ca-cluster-issuer created
      | certificate.cert-manager.io/bnk-ca condition met
[4/6] Rendering FLO values + helm install ...
      rendered → /home/mwiget/git/ocibnkctl/demo/artifacts/flo-values-rendered.yaml
      | Login Succeeded
      | Release "flo" does not exist. Installing it now.
      | Pulled: repo.f5.com/charts/f5-lifecycle-operator:v2.21.13-0.0.28
      | Digest: sha256:41bf89c4a05b5d8f34193bc4a1ff250ed9c9b4f690a35cab8adce58b33fdd615
      | NAME: flo
      | LAST DEPLOYED: Wed Jun  3 08:49:13 2026
      | NAMESPACE: f5-operators
      | STATUS: deployed
      | REVISION: 1
      | DESCRIPTION: Install complete
      | TEST SUITE: None
[5/6] Waiting for FLO controller Available ...
      | deployment.apps/flo-f5-lifecycle-operator condition met
      FLO controller Ready.
[6/6] Generating + applying CWC API certs ...
      | ------------------------------------------------------------------
      | Service                   = api-server
      | Subject Alternate Name    = f5-spk-cwc.f5-cne-core.svc.cluster.local
      | Working directory         = /work/api-server-secrets
      | ------------------------------------------------------------------
      | rm: can't remove '/work/api-server-secrets': No such file or directory
      | Generating Secrets ...
      | python3 profile.py regenerate --password "" \
      | --common-name f5net \
      | --client-alt-name client \
      | --server-alt-name f5-spk-cwc.f5-cne-core.svc.cluster.local \
      | --days-of-validity 3650 \
      | --client-certs 1 \
      | --key-bits 2048 
      | ...+...+.......+      | ...+++++++++      | ++++++++++++++      | +++      | +++++      | +      | +++++++*.....+      | ....+.....+.......+..+...+      | ...+      | ......+      | ...+      | ............+      | ..........+......+.....+      | ..........+      | ...+      | .....+      | ......+      | ...+      | ...+      | .......+.....+.+      | ..+      | ....+      | ...........      | +............+      | .+      | .....+      | +      | +      | +      | +      | +      | ++      | ++      | +      | +      | +      | +      | ++      | +      | ++      | ++      | +      | +      | +      | +      | +++++++      | +      | +      | +      | +      | +      | +      | +*      | ..      | +      | ...+      | ....+      | ..+      | .      | ...      | +      | .....      | ....      | .....      | ..      | .      | +      | ......      | ...      | ..      | .      | +      | ...      | ...      | ..      | ..+      | .....      | +      | ...      | +      | .......      | ..      | +      | ...      | +      | ..      | ....      | +      | .+      | .....+      | ...      | +      | .+      | ......      | +      | .....      | .      | +      | .....      | +      | ......      | .      | +      | ...      | +      | ...      | +      | ..      | ...      | ....      | .....+      | ...      | +      | ......      | ...      | ......      | ...      | .      | +      | ...      | +      | .....      | .      | ..      | +      | ....      | ...      | +      | ..      | +      | ...      | .      | +      | .....      | +      | .........      | .+      | ..      | +      | ...      | +      | .      | +      | ...      | ..      | .      | +      | ....      | .      | .......      | +      | ..      | +      | ....      | +      | ....      | .....      | ..      | +      | ...      | .      | +      | ..      | ...      | ......      | +      | ......      | +      | ...      | +      | ....      | +      | +      | +      | +      | +      | +
      | .+......+      | ++      | ++      | +      | +      | ++      | ++++      | +      | ++      | ++      | +      | +      | +      | +++      | +      | +      | +++      | +++      | +++      | +      | ++      | +*......+      | ...+..+      | .............      | +      | ......+      | ......+      | +      | +      | ++      | +      | +      | ++++      | +      | +      | ++      | +      | +      | +      | +      | +      | +      | +      | +      | ++++++++++++      | ++      | +      | +*      | ..      | +      | ......      | +      | ......      | .      | .....      | ..      | .      | +      | .......      | +      | ...      | +      | ..      | +      | ...      | ..      | ....      | ....+      | .....      | .      | +      | ...      | +      | ..      | ......      | +      | ...      | +      | ....      | +      | .....      | +      | ....      | ..      | ...      | .+      | ..      | +      | ....      | +      | ......      | +      | .....      | ...      | +      | ......      | ..      | ..      | +      | .....      | +      | ...      | +      | ...      | +      | .+      | .....      | ........      | ...      | ..      | +      | ..      | +      | .      | +      | ...      | +      | ..      | +      | ...      | ....      | +      | ..      | +      | .......      | ..      | ...........      | ..      | ..      | +      | .+      | .....      | ...+      | .      | ....      | .      | +      | .      | +      | ...      | ...      | +      | ...      | +      | ..+      | ....      | +      | .....      | .      | +      | ..      | +      | ...      | +      | ......      | .      | +      | ..+      | ....      | +      | ..      | +      | .......      | ..      | +      | ...      | +      | .+      | ..      | +      | ......      | ...      | +      | .....      | .      | +      | ...      | +      | .      | +      | ...      | ..      | .      | +      | ...      | +      | .....      | .+      | .....      | +      | ...      | .      | +      | .......      | .      | ..      | ..      | +      | .......      | ..      | ...      | ..      | +      | .      | +      | ......      | ..      | ....      | ..      | +      | .      | +      | ........      | +      | ......      | +      | ...      | +      | ......      | ..      | ..      | ..      | +      | ........      | ..      | +      | ...      | +      | ...      | +      | ..      | +      | .      | +      | ..      | +      | ...      | +      | .+      | ...      | +      | .....      | +      | ...      | ..      | .      | ..      | ..      | ..      | ...      | ...      | ..      | .      | +      | .......      | ....      | .      | ....      | +      | ...      | +      | ......      | +      | ........      | .      | +      | ..+      | .+      | ...      | +      | .....      | .      | +      | ...      | +      | ......      | ..      | +      | ....      | .......      | .      | +      | .+      | ..+      | .....      | ..      | +      | ..      | .      | ....      | ........      | ..      | +      | ....      | +      | ..      | +      | ...+      | .......+      | ..+..........+......+.....+....+..+...............+.....      | ..      | ..      | +      | ....      | +      | ...      | ..      | ...      | ..      | .      | +      | .......+      | ..      | +      | .      | ...      | .      | .      | +      | ....      | ..      | +      | ..      | ..      | ..      | ..      | ..      | ...      | ..      | .      | +      | ...      | ..+      | ...      | +      | .      | +      | ...      | +      | ..      | ...      | .      | ..      | ..      | .      | ..      | ..      | +      | ..      | +      | ..      | ..      | +      | ....      | .      | .      | +      | ...      | +      | ....      | ..      | ..      | ...      | ...      | ....      | +      | ..      | ..      | .      | +      | ...      | .      | ...      | ..      | +      | .      | +      | ..      | +      | .      | +      | ....      | ..      | ....      | ..      | .....      | +      | ....      | +      | ...      | +      | ..      | +      | .....      | ..      | ..      | +      | .      | +      | ..      | .      | ..      | +      | .....      | .      | +      | ...      | ...      | ..      | ..      | ..      | +      | ...      | +      | ....      | +      | ...      | +      | .....      | .      | +      | ..      | +      | ...      | ..      | ..      | ...      | +      | ...      | +      | .....      | .      | +      | ...      | ...      | ..      | +      | ....      | ..      | ...      | ...      | +      | .      | +      | ..      | +      | .      | +      | ...      | ..      | ....      | +      | ...      | +      | ..      | +      | ....      | ..      | +      | .      | +      | ....      | .      | ....      | ..      | ...      | ..      | ..      | ..      | ...      | .      | +      | ..      | ..      | ..      | +      | ...      | +      | ..      | +      | ...      | .      | ..      | +      | ...      | +      | .      | +      | ...      | +      | ...      | ..      | .      | .      | .      | +      | ...      | +      | ....      | +      | ....      | .      | +      | ...      | ...      | +      | .      | +      | .....      | .      | +      | ...      | ...      | ..      | .      | ..      | .      | +      | ..      | ...      | ..      | .      | ..      | .      | +      | .      | +      | ...      | +      | ...      | ..      | .      | +      | ..      | +      | ...      | +      | ..      | ..      | .      | .      | .      | +      | ..      | ...      | ..      | ....      | ...      | +      | ...      | +      | ...      | ..      | ..      | +      | +      | +      | +      | +      | +
      | -----
      | .+...++++++++++++      | +      | +      | +      | ++      | ++      | ++      | +++      | +      | +      | +      | +      | +      | ++      | +      | +      | ++      | +      | +      | +      | +*...+      | .+      | ..+      | .+      | ..............      | +      | ...+      | ..........+      | ............      | ...      | +      | ...+      | .....+      | ......+      | ....+      | .........+      | ..+      | ...+      | ......+      | .+      | ...+      | ...+      | .............      | .....      | .......      | ..      | .....+      | .+      | ..+      | ...+      | ....+      | +      | +      | +      | +      | +      | +      | +      | +      | +      | +      | +      | +      | +      | +      | +      | +      | +      | +      | ++      | +      | +      | ++      | +      | +      | +      | +      | +      | +      | +      | +      | +      | +      | +      | +      | +      | +*      | ..      | .      | +      | ....      | .      | +      | .      | ..      | .      | +      | ..      | .      | ..      | ..      | .      | ...      | .      | +      | .....      | ...      | .      | +      | ..      | +      | ...      | +      | ....      | ..      | +      | ...      | .      | ..      | ..      | ..      | ...      | .      | .      | +      | ....      | ..      | .      | ..      | +      | ....      | +      | .....      | .      | ..      | ...      | +      | ...      | ..      | .      | +      | .      | +      | ..      | ...      | ....      | ...      | ..      | +      | .      | +      | ..      | +      | .      | +      | ..      | ...      | .      | +      | ...      | +      | ....      | ..      | .      | .      | ...      | +      | .      | +      | ...      | +      | ..      | +      | ...      | .      | +      | ..      | +      | ...      | ..      | ..      | ...      | +      | ..      | ...      | ...      | .      | +      | ...      | ..      | ...      | +      | .      | ..      | ..      | ..      | ...      | +      | +      | +      | +      | +      | +
      | ....+      | .+      | +      | +      | +      | ++      | +      | ++      | +      | +      | +      | ++      | +      | +      | +      | +      | +      | +      | ++      | +      | ++      | +      | +      | +      | +      | +      | +      | +      | +      | +      | +      | +      | +      | +      | +*....+      | ..+      | .......      | +      | .....+      | ...+      | ............      | .....      | .....      | +      | ...+      | .....+      | ...+      | ....      | +      | ...+      | ...+      | ...........      | +      | .+      | +      | +      | +      | +      | +      | +      | +      | +      | +      | +      | +      | +      | +      | +      | +      | +      | +      | +      | +      | +      | +      | +      | +      | +      | +      | +      | +      | +      | +      | +      | +      | +      | +      | +      | +      | +      | +      | +*      | ..      | ..      | +      | ...      | +      | .....      | .      | +      | .      | +      | ....      | .      | ..      | .      | .      | ..      | ...      | ..      | ..      | ..      | .      | +      | ..      | .      | +      | ....      | .      | +      | .      | +      | ....      | .      | .      | +      | ..      | +      | ...      | ..      | ..      | +      | .....      | .      | +      | ..      | ..      | ...      | ..      | ..      | .      | +      | ....      | ..      | ..      | +      | ...      | ..      | ..      | +      | ..      | ..      | ..      | +      | ..      | +      | ....      | +      | ...      | +      | .....      | .      | ..      | +      | ...      | +      | ....      | +      | ....      | .      | .      | +      | ..      | ...      | .      | +      | ...      | +      | ..      | +      | .      | +      | ..      | ..      | ...      | ..      | ..      | ...      | +      | .      | +      | ..      | .      | ..      | ..      | ..      | ...      | ..      | .      | ..      | ...      | ..      | .      | .      | +      | ...      | ..      | +      | ....      | +      | ....      | .      | +      | ....      | ..      | ...      | +      | ...      | +      | ....      | +      | .....      | +      | ...      | ...      | ..      | .      | ...      | .      | +      | ...      | +      | ..      | +      | ...      | ...      | .      | ...      | ..      | +      | .      | +      | ..      | +      | .      | +      | ....      | .      | ...      | ..      | .      | +      | ...      | .      | ..      | ...      | .      | +      | ...      | ..      | +      | .      | +      | ....      | .....      | ..      | .      | +      | ..      | +      | ...      | .      | +      | .....      | +      | ......      | .      | +      | ...      | ..      | ...      | ..      | ....      | +      | ...      | .      | ..      | +      | ....      | ...      | +      | .....      | +      | .      | +      | +      | +      | +      | +      | +
      | -----
      | Using configuration from /tmp/tmp_wskr_jo
      | Check that the request matches the signature
      | Signature ok
      | The Subject's Distinguished Name is as follows
      | commonName            :ASN.1 12:'f5net'
      | organizationName      :ASN.1 12:'      | server'
      | localityName          :ASN.1 12:'$$$$'
      | Certificate is to be certified until May 31 06:49:29 2036 GMT (3650 days)
      | 
      | Write out database with 1 new entries
      | Database updated
      | .....++++      | +      | +      | ++      | +      | +      | +      | +      | +      | +++      | +      | +      | +      | +      | ++      | +++      | ++++++      | +      | +      | +      | +      | ++++*.+...+      | ......+      | ......+      | ...+      | ....+      | ...+      | ...+      | ......+      | .....+      | .............      | +      | ............      | +      | ...+      | ..+      | ...............      | .+      | .....+      | .............      | ..+      | .......+      | ......+      | ++      | +      | +      | ++      | +      | +      | +      | +      | +      | +      | +      | +      | ++      | +      | +      | +      | +      | +      | +      | +      | +      | +      | +      | +      | +      | +      | +      | +      | +      | +      | ++      | +      | ++*      | ..      | ..      | +      | ..+      | .      | +      | ....      | .      | +      | .      | +      | ...      | +      | ..      | .      | +      | ....      | .      | +      | ...      | +      | ....      | ..      | +      | ....      | +      | ....      | .      | +      | ...      | .      | ..      | +      | .      | +      | ...      | +      | ..      | +      | ....      | ...      | ..      | +      | ....      | +      | ....      | ...      | .      | .      | ..      | .      | +      | ..      | +      | ...      | ...      | +      | .......      | +      | ...      | +      | ......      | +      | ....      | .      | .      | ..      | +      | ...      | +      | ...      | +      | ....      | ..      | ..      | ..      | ..      | +      | ....      | +      | ...      | ..      | .      | +      | .....      | +      | .........      | .      | +      | ..      | ..      | .      | +      | ..      | ..      | +      | ...      | +      | ....      | .      | .      | +      | ..      | +      | ....      | +      | ...      | ..      | .      | ..      | .      | +      | ..      | +      | ....      | ..      | .      | ..      | +      | ..      | ..      | +      | .....      | .      | +      | .....      | +      | ..      | ....      | +      | ...      | ....      | ..      | ...      | ...      | ..      | ..      | ..      | .      | +      | ...      | ..      | ...      | +      | ...      | ...      | ...      | +      | ...      | ..      | .      | ..      | .      | ..      | ..      | ..      | +      | ...      | ...      | ...      | .      | ..      | .      | ...      | ..      | ..      | ...      | .      | +      | ...      | .      | ..      | .      | ..      | +      | ...      | ...      | ..      | ....      | .      | +      | .....      | ...      | ...      | .      | ..      | .      | +      | ..      | +      | ...      | +      | ...      | +      | .      | ...      | ..      | +      | .      | +      | ...      | +      | ....      | .      | +      | ....      | +      | ..      | .      | +      | ...      | +      | ..      | ..      | ..      | ..      | ...      | ...      | .      | +      | ..      | +      | ...      | +      | ....      | +      | ...      | +      | ...      | +      | ....      | .      | +      | ....      | ..      | .      | ..      | .      | .      | .      | ..      | .      | ..      | ..      | ..      | ...      | +      | ...      | +      | ....      | +      | ...      | ..      | +      | .      | +      | ..      | ..      | ...      | .      | .      | +      | ...      | ..      | +      | ....      | ..      | ...      | ..      | ..      | ..      | +      | ...      | .      | +      | ..      | +      | ...      | .      | +      | ....      | .      | ...      | +      | .....      | .      | .      | +      | +      | +      | +      | +      | +
      | ..........+      | ...+      | .+      | .........      | .......      | ..+      | ..+      | .+      | ...+      | .........+      | ..+      | ...+      | .+      | ..+      | ...+      | .........+      | .......+      | .....+      | ....+      | .....+      | .+      | +      | +      | +      | +      | +      | +      | +      | +      | +      | +      | +      | +      | +      | +      | +      | +      | +      | +      | +      | +      | +      | +      | +      | +      | +      | +      | ++      | +      | +      | +      | +      | +      | +      | +      | +      | +      | +*.+      | .......+      | ........+      | ...+      | .........      | +      | ........      | ..+      | +      | +      | +      | +      | +      | +      | +      | +      | +      | +      | +      | +      | +      | +      | +      | +      | +      | +      | +      | +      | +      | +      | +      | +      | +      | +      | +      | +      | +      | +      | +      | +      | +      | +      | +      | +      | +      | +*      | .      | ..      | .      | ..      | ..      | +      | ....      | ....      | ..      | ..      | +      | ..      | .      | +      | ...      | +      | ....      | .      | +      | .....      | .      | ...      | ...      | .      | ..      | .      | +      | ...      | +      | ...      | ..      | ....      | .      | ...      | ..      | ..      | +      | ....      | +      | ....      | .      | +      | ...      | .      | +      | ....      | .      | .      | ..      | +      | ....      | +      | .....      | .....      | ..      | ...      | ....      | ....      | +      | ...      | +      | ....      | ...      | ..      | +      | .      | +      | ...      | +      | .....      | +      | ...      | ..      | .      | +      | .      | +      | ...      | ..      | ...      | .      | +      | ...      | ...      | +      | ...      | ..      | ...      | +      | ....      | +      | ....      | ..      | .....      | ....      | ..      | .      | +      | ..      | +      | .      | +      | ..      | +      | ....      | +      | .....      | ....      | .      | .      | +      | .....      | ..      | ...      | +      | ...      | +      | ..      | +      | ...      | +      | ....      | +      | ....      | .      | .      | +      | .....      | +      | ....      | ..      | .      | ..+      | ...      | +      | ....      | +      | ...      | +      | ..      | +      | ...      | .....      | ..      | ..      | .      | +      | ...      | +      | .....      | ..      | .      | +      | ......      | ...      | +      | ...      | +      | ....      | +      | ...      | +      | ..      | +      | ....      | +      | .....      | ..      | ..      | ...      | ..      | .      | +      | ....      | ...      | ..      | +      | ...      | ..      | +      | ......      | +      | ......      | .      | +      | ...      | +      | ..      | +      | ....      | +      | .....      | +      | ...      | ..      | .      | ....      | +      | ...      | +      | ......      | ....      | .....      | +      | .....      | .      | +      | ..      | ....      | ..      | ..      | ..      | ..      | +      | .      | +      | ..      | +      | ...      | +      | ....      | +      | .....      | ..      | ..      | ..      | .      | +      | .....      | ...      | +      | .....      | .      | .......      | +      | .....      | +      | ...      | +      | .      | +      | ......      | +      | .....      | ...      | ...      | .      | ..      | .      | +      | ...      | +      | ..      | +      | .....      | .      | .      | +      | ....      | .+      | .......      | +      | ...      | +      | ..      | +      | ...      | +      | ...      | +      | ...      | +      | ......      | ..      | .      | ...      | .      | ...      | +      | ...      | ..      | ...      | .      | ....      | .      | ....      | ..      | +      | ...      | +      | .      | +      | ...      | ..      | +      | ......      | +      | .      | +      | .....      | ....      | ....      | .      | +      | .      | ...      | ....      | .      | +      | ....      | ...      | +      | ..      | .      | ....      | ..      | +      | ...      | ..      | +      | ...      | +      | .      | +      | .....      | ...      | .      | +      | ...      | +      | .....      | +      | ....      | ...      | ..      | +      | .      | +      | ..      | ..      | ..      | ..      | ..      | .....      | +      | ...      | +      | .....      | +      | .....      | .      | .      | +      | ..      | +      | ...      | .....      | ....      | .      | ...      | +      | ..      | .....      | ..      | +      | ..      | .      | ..      | +      | .      | +      | .....      | .      | ...      | .      | .      | ..      | .      | +      | ...      | ...      | ...      | .      | ...      | +      | ....      | .      | +      | ....      | +      | ...      | ..      | +      | .....      | ....      | +      | .......      | ..      | ..      | .      | ...      | .      | +      | .....      | +      | ...      | +      | .....      | ...      | ..      | +      | ....      | ..      | ..      | +      | ...      | ...      | .      | ..      | +      | ...      | .      | +      | .......      | ..      | +      | ..      | +      | .....      | ....      | .      | ...      | +      | .....      | +      | .      | +      | ..      | +      | ...+      | .      | +      | ......      | ..+      | .........      | ...+      | ...+      | .+      | .....      | ......      | +      | .........      | ...      | .      | ..      | +      | ....      | +      | .....      | ......      | +      | .+      | ..      | .....      | ..      | .....      | ......      | ....      | +      | ...      | +      | .....      | .      | +      | .....      | +      | .      | +      | ...      | +      | ..      | +      | ....      | ..      | ...      | .      | +      | .....      | ..      | .      | +      | ...      | ...      | +      | ....      | +      | ...      | +      | ..      | +      | .....      | .      | +      | ......      | .      | +      | ...      | +      | .....      | ....      | ..      | .      | +      | ..      | +      | .....      | ..      | +      | ...      | +      | ..      | +      | ...      | +      | ....      | ...      | ...      | +      | .....      | ...      | +      | ....      | +      | ....      | ....      | +      | .      | +      | .....      | ..      | ..      | ..      | +      | ...      | ..      | ..      | ...      | +      | ...      | +      | ...      | +      | .......      | .      | +      | .      | +      | .....      | .      | +      | ...      | +      | ..      | +      | ......      | .      | +      | ......      | ..      | +      | ......      | .      | ..      | +      | ....      | +      | ..      | +      | ...      | ..      | ..      | +      | ...      | +      | .....      | .      | ..      | .      | +      | ...      | +      | ..      | +      | ...      | +      | ...      | ...      | +      | ....      | ..      | +      | .      | +      | ...      | +      | ..      | +      | ...      | ..      | ..      | ..      | +      | .      | +      | ..      | +      | ......      | +      | .      | +      | ...      | +      | ..      | +      | ......      | +      | ...      | +      | ......      | .      | +      | ...      | +      | ..      | +      | ....      | ..      | ..      | ....      | ...      | ...      | +      | .      | +      | ......      | ..      | +      | ...      | +      | .....      | ..      | ...      | +      | ..      | +      | +      | +      | +      | +      | +
      | -----
      | Using configuration from /tmp/tmp_wskr_jo
      | Check that the request matches the signature
      | Signature ok
      | The Subject's Distinguished Name is as follows
      | commonName            :ASN.1 12:'f5net'
      | organizationName      :ASN.1 12:'client'
      | localityName          :ASN.1 12:'$$$$'
      | Certificate is to be certified until May 31 06:49:29 2036 GMT (3650 days)
      | 
      | Write out database with 1 new entries
      | Database updated
      | Creating 1 client extensions...
      | Will generate a root CA and two certificate/key pairs (server and client)
      | =>	[openssl_req]
      | =>	[openssl_x509]
      | Will generate leaf certificate and key pair for server
      | Using f5net for Common Name (CN)
      | Using parent certificate path at /work/cert-gen/basic/testca/cacert.pem
      | Using parent key path at /work/cert-gen/basic/testca/private/cakey.pem
      | Will use RSA...
      | =>	[openssl_genpkey]
      | =>	[openssl_req]
      | =>	[openssl_ca]
      | =>	[openssl_pkcs12]
      | Will generate leaf certificate and key pair for client
      | Using f5net for Common Name (CN)
      | Using parent certificate path at /work/cert-gen/basic/testca/cacert.pem
      | Using parent key path at /work/cert-gen/basic/testca/private/cakey.pem
      | Will use RSA...
      | =>	[openssl_genpkey]
      | =>	[openssl_req]
      | =>	[openssl_ca]
      | =>	[openssl_pkcs12]
      | Done! Find generated certificates and private keys under ./result!
      | python3 profile.py verify --client-certs 1 
      | /work/cert-gen/basic/result/server_certificate.pem: OK
      | /work/cert-gen/basic/result/client_certificate.pem: OK
      | Will verify generated server certificate against the CA...
      | Will verify server certificate against root CA
      | Will verify generated client certificate against the CA...
      | Will verify client certificate against root CA
      | Copying secrets ...
      | Generating /work/cwc-license-certs.yaml
      | Generating /work/cwc-license-client-certs.yaml
      | namespace/f5-cne-core unchanged
      | secret/cwc-license-certs created
      | secret/cwc-license-client-certs created
      cwc-license-certs + cwc-license-client-certs applied.
      poc.yaml updated

DONE.  Next: `ocibnkctl deploy cne`.
