PoC:     air
Cluster: /Users/mwiget/git/ocibnkctl/labs/air/artifacts/kubeconfig

[1/4] Rendering + applying CNEInstance (demoMode=true) ...
      rendered → /Users/mwiget/git/ocibnkctl/labs/air/artifacts/cne-instance-rendered.yaml
      | cneinstance.k8s.f5.com/bnk-instance created
[2/4] Waiting for license CRD, then applying License CR ...
      | customresourcedefinition.apiextensions.k8s.io/licenses.k8s.f5net.com condition met
      | customresourcedefinition.apiextensions.k8s.io/licenses.k8s.f5net.com condition met
      | license.k8s.f5net.com/f5-cne-cluster-license created
[3/4] Waiting for License Active ...
      License Active.
[4/5] Applying bnk-gatewayclass GatewayClass + waiting for Accepted=True ...
      | gatewayclass.gateway.networking.k8s.io/bnk-gatewayclass created
      | gatewayclass.gateway.networking.k8s.io/bnk-gatewayclass condition met
      bnk-gatewayclass Accepted=True
[5/5] Patching f5-tmm Deployment strategy=Recreate ...
      | deployment.apps/f5-tmm patched
      strategy=Recreate
      poc.yaml updated

DONE.
